[     642ms] [WARNING] iso_swr: SSR fetch failed for "/api/v2/teams/deployments" {error: iso_swr_fetch_error, message: The request is missing an authentication token} @ https://vercel.com/deployments:543
[     642ms] [WARNING] iso_swr: SSR fetch failed for "/api/v8/projects?includePermissions=false&latestDeployments=0&limit=10&search=&slug=deployments" {error: iso_swr_fetch_error, message: The request is missing an authentication token} @ https://vercel.com/deployments:543
[     642ms] [WARNING] iso_swr: SSR fetch failed for "/api/v2/dashboard/projects?favorites=1&limit=12&productionChecklist=true&teamId=deployments" {error: iso_swr_fetch_error, message: The request is missing an authentication token} @ https://vercel.com/deployments:543
[     642ms] [WARNING] iso_swr: SSR fetch failed for "/api/recents?limit=7&teamId=deployments&type=preview" {error: iso_swr_fetch_error, message: The request is missing an authentication token} @ https://vercel.com/deployments:543
[     646ms] [WARNING] iso_swr: SSR fetch failed for "/api/usage-summary?teamId=deployments" {error: iso_swr_fetch_error, message: Usage prefetch failed: no_team} @ https://vercel.com/deployments:660
[     789ms] [LOG] %c
▲

 _____ _              _                    _   _             __
|_   _| |__   ___    / \   __ _  ___ _ __ | |_(_) ___       / /
  | | | '_ \ / _ \  / _ \ / _` |/ _ \ '_ \| __| |/ __|     / /
  | | | | | |  __/ / ___ \ (_| |  __/ | | | |_| | (__     /_/
  |_| |_| |_|\___|/_/   \_\__, |\___|_| |_|\__|_|\___|    (_)
                           |___/
 ___        __               _                   _                 _
|_ _|_ __  / _|_ __ __ _ ___| |_ _ __ _   _  ___| |_ _   _ _ __ ___
 | || '_ \| |_| '__/ _` / __| __| '__| | | |/ __| __| | | | '__/ _ \
 | || | | |  _| | | (_| \__ \ |_| |  | |_| | (__| |_| |_| | | |  __/
|___|_| |_|_| |_|  \__,_|___/\__|_|   \__,_|\___|\__|\__,_|_|  \___|
  

Hello!

- Open Source https://vercel.com/oss
- Careers https://vercel.com/careers
- Status https://vercel-status.com

 font-family: "Geist Mono", monospace; white-space: pre; line-height: 1; @ https://vercel.com/_next/static/chunks/1l29vw7u8_irq.js?dpl=dpl_HMTmaiqavMk4Sy1f5QjZYwS5eyVg:78
[    1126ms] [WARNING] iso_swr[warn] [client] fallback error for key: "/api/v2/teams/deployments" {error: iso_swr_fetch_error, message: The request is missing an authentication token} @ https://vercel.com/_next/static/chunks/2nlm9po2-i6t-.js?dpl=dpl_HMTmaiqavMk4Sy1f5QjZYwS5eyVg:6
[    1395ms] [WARNING] iso_swr[warn] [client] fallback error for key: "/api/recents?limit=7&teamId=deployments&type=preview" {error: iso_swr_fetch_error, message: The request is missing an authentication token} @ https://vercel.com/_next/static/chunks/2nlm9po2-i6t-.js?dpl=dpl_HMTmaiqavMk4Sy1f5QjZYwS5eyVg:6
[    1570ms] [ERROR] Failed to load resource: the server responded with a status of 403 () @ https://vercel.com/api/jwt:0
[    1571ms] [ERROR] Failed to load resource: the server responded with a status of 403 () @ https://vercel.com/api/v1/notifications/push:0
[    1670ms] [ERROR] Failed to load resource: the server responded with a status of 403 () @ https://vercel.com/api/recents?hydrateLimit=30&limit=7&teamId=deployments&type=preview:0
[    1700ms] [ERROR] The script resource is behind a redirect, which is disallowed. @ :0
[    1686ms] [ERROR] Failed to load resource: the server responded with a status of 403 () @ https://vercel.com/api/v2/teams/deployments:0
[    1718ms] [ERROR] CustomFetchError: The request is missing an authentication token
    at d (https://vercel.com/_next/static/chunks/1p88xb5gp_b-_.js?dpl=dpl_HMTmaiqavMk4Sy1f5QjZYwS5eyVg:2:22355) @ https://vercel.com/_next/static/chunks/1l29vw7u8_irq.js?dpl=dpl_HMTmaiqavMk4Sy1f5QjZYwS5eyVg:108
[    1718ms] [ERROR] CustomFetchError: The request is missing an authentication token
    at d (https://vercel.com/_next/static/chunks/1p88xb5gp_b-_.js?dpl=dpl_HMTmaiqavMk4Sy1f5QjZYwS5eyVg:2:22355) @ https://vercel.com/_next/static/chunks/1l29vw7u8_irq.js?dpl=dpl_HMTmaiqavMk4Sy1f5QjZYwS5eyVg:108
[    1719ms] [ERROR] CustomFetchError: The request is missing an authentication token
    at d (https://vercel.com/_next/static/chunks/1p88xb5gp_b-_.js?dpl=dpl_HMTmaiqavMk4Sy1f5QjZYwS5eyVg:2:22355) @ https://vercel.com/_next/static/chunks/1l29vw7u8_irq.js?dpl=dpl_HMTmaiqavMk4Sy1f5QjZYwS5eyVg:108
[    1727ms] [WARNING] iso_swr[warn] [client] fallback error for key: "/api/usage-summary?teamId=deployments" {error: iso_swr_fetch_error, message: Usage prefetch failed: no_team} @ https://vercel.com/_next/static/chunks/2nlm9po2-i6t-.js?dpl=dpl_HMTmaiqavMk4Sy1f5QjZYwS5eyVg:6
[    1727ms] [ERROR] Failed to load resource: the server responded with a status of 403 () @ https://vercel.com/api/v2/dashboard/projects?favorites=1&limit=25&teamId=deployments:0
[    1747ms] [ERROR] CustomFetchError: The request is missing an authentication token
    at d (https://vercel.com/_next/static/chunks/1p88xb5gp_b-_.js?dpl=dpl_HMTmaiqavMk4Sy1f5QjZYwS5eyVg:2:22355) @ https://vercel.com/_next/static/chunks/1l29vw7u8_irq.js?dpl=dpl_HMTmaiqavMk4Sy1f5QjZYwS5eyVg:108
[    1768ms] [ERROR] Failed to load resource: the server responded with a status of 403 () @ https://vercel.com/api/vulnerable-projects-severity?teamId=deployments:0
[    1768ms] [ERROR] Error checking for vulnerabilities CustomFetchError: You don't have permission to access this resource.
    at w (https://vercel.com/_next/static/chunks/3rgavsjkbjq8l.js?dpl=dpl_HMTmaiqavMk4Sy1f5QjZYwS5eyVg:21:13822)
    at async https://vercel.com/_next/static/chunks/35dmpjht1lzpv.js?dpl=dpl_HMTmaiqavMk4Sy1f5QjZYwS5eyVg:2:49539
    at async https://vercel.com/_next/static/chunks/2zp60u0qafzj7.js?dpl=dpl_HMTmaiqavMk4Sy1f5QjZYwS5eyVg:2:11862 @ https://vercel.com/_next/static/chunks/35dmpjht1lzpv.js?dpl=dpl_HMTmaiqavMk4Sy1f5QjZYwS5eyVg:1
[    1826ms] [ERROR] Failed to load resource: the server responded with a status of 403 () @ https://vercel.com/api/nav/sidebar/badges?scope=team&teamId=deployments:0
[    1837ms] [ERROR] Failed to load resource: the server responded with a status of 403 () @ https://vercel.com/api/recents?limit=7&teamId=deployments&type=preview:0
[    1874ms] [ERROR] Failed to load resource: the server responded with a status of 403 () @ https://vercel.com/api/usage-summary?teamId=deployments:0
[    1949ms] [LOG] %c
▲

    ____                               _ __
   / __ \________  ____ _____ ___     (_) /_
  / / / / ___/ _ \/ __ `/ __ `__ \   / / __/
 / /_/ / /  /  __/ /_/ / / / / / /  / / /__
/_____/_/   \___/\__,_/_/ /_/ /_/  /_/\__( )
   _____ __    _          _ __           |/
  / ___// /_  (_)___     (_) /_
  \__ \/ __ \/ / __ \   / / __/
 ___/ / / / / / /_/ /  / / /_
/____/_/ /_/_/ .___/  /_/\__/
            /_/
  

Hello!

- Open Source https://vercel.com/oss
- Careers https://vercel.com/careers
- Status https://vercel-status.com

 font-family: "Geist Mono", monospace; white-space: pre; line-height: 1; @ https://vercel.com/_next/static/chunks/1l29vw7u8_irq.js?dpl=dpl_HMTmaiqavMk4Sy1f5QjZYwS5eyVg:78
[    2227ms] [WARNING] [GSI_LOGGER]: Your client application uses one of the Google One Tap prompt UI status methods that may stop functioning when FedCM becomes mandatory. Refer to the migration guide to update your code accordingly and opt-in to FedCM to test your changes. Learn more: https://developers.google.com/identity/gsi/web/guides/fedcm-migration?s=dc#display_moment and https://developers.google.com/identity/gsi/web/guides/fedcm-migration?s=dc#skipped_moment @ https://accounts.google.com/gsi/client:84
[    2228ms] [ERROR] Not signed in with the identity provider. @ https://vercel.com/login?next=%2Fdeployments:0
[    2252ms] [WARNING] Deprecated API for given entry type. @ https://vercel.com/_next/static/chunks/24660xudx800e.js?dpl=dpl_HMTmaiqavMk4Sy1f5QjZYwS5eyVg:18
[    2456ms] [ERROR] Failed to load resource: the server responded with a status of 403 () @ https://vercel.com/api/jwt:0
[    5575ms] [WARNING] The resource https://vercel.com/_next/static/media/adobe-light.406_7oryl71va.svg?dpl=dpl_HMTmaiqavMk4Sy1f5QjZYwS5eyVg was preloaded using link preload but not used within a few seconds from the window's load event. Please make sure it has an appropriate `as` value and it is preloaded intentionally. @ https://vercel.com/login?next=%2Fdeployments:0
[    5575ms] [WARNING] The resource https://vercel.com/_next/static/media/stripe-light.2l_1jctpe6k_4.svg?dpl=dpl_HMTmaiqavMk4Sy1f5QjZYwS5eyVg was preloaded using link preload but not used within a few seconds from the window's load event. Please make sure it has an appropriate `as` value and it is preloaded intentionally. @ https://vercel.com/login?next=%2Fdeployments:0
[    5575ms] [WARNING] The resource https://vercel.com/_next/static/chunks/1lewr7g9dkcrr.css?dpl=dpl_HMTmaiqavMk4Sy1f5QjZYwS5eyVg was preloaded using link preload but not used within a few seconds from the window's load event. Please make sure it has an appropriate `as` value and it is preloaded intentionally. @ https://vercel.com/login?next=%2Fdeployments:0
[    5576ms] [WARNING] The resource https://vercel.com/_next/static/media/stripe-dark.16ozjth2vgb_3.svg?dpl=dpl_HMTmaiqavMk4Sy1f5QjZYwS5eyVg was preloaded using link preload but not used within a few seconds from the window's load event. Please make sure it has an appropriate `as` value and it is preloaded intentionally. @ https://vercel.com/login?next=%2Fdeployments:0
[    5576ms] [WARNING] The resource https://vercel.com/_next/static/chunks/3dk1dups9oa1f.css?dpl=dpl_HMTmaiqavMk4Sy1f5QjZYwS5eyVg was preloaded using link preload but not used within a few seconds from the window's load event. Please make sure it has an appropriate `as` value and it is preloaded intentionally. @ https://vercel.com/login?next=%2Fdeployments:0
[    5576ms] [WARNING] The resource https://vercel.com/_next/static/media/ebay-dark.34mho2a18qqlt.svg?dpl=dpl_HMTmaiqavMk4Sy1f5QjZYwS5eyVg was preloaded using link preload but not used within a few seconds from the window's load event. Please make sure it has an appropriate `as` value and it is preloaded intentionally. @ https://vercel.com/login?next=%2Fdeployments:0
[    5576ms] [WARNING] The resource https://vercel.com/_next/static/media/ebay-light.3ft_ki8203ov0.svg?dpl=dpl_HMTmaiqavMk4Sy1f5QjZYwS5eyVg was preloaded using link preload but not used within a few seconds from the window's load event. Please make sure it has an appropriate `as` value and it is preloaded intentionally. @ https://vercel.com/login?next=%2Fdeployments:0
[   15629ms] [WARNING] The resource https://vercel.com/_next/static/media/adobe-light.406_7oryl71va.svg?dpl=dpl_HMTmaiqavMk4Sy1f5QjZYwS5eyVg was preloaded using link preload but not used within a few seconds from the window's load event. Please make sure it has an appropriate `as` value and it is preloaded intentionally. @ https://vercel.com/login?next=%2Fdeployments:0
[   15629ms] [WARNING] The resource https://vercel.com/_next/static/media/stripe-light.2l_1jctpe6k_4.svg?dpl=dpl_HMTmaiqavMk4Sy1f5QjZYwS5eyVg was preloaded using link preload but not used within a few seconds from the window's load event. Please make sure it has an appropriate `as` value and it is preloaded intentionally. @ https://vercel.com/login?next=%2Fdeployments:0
[   15629ms] [WARNING] The resource https://vercel.com/_next/static/chunks/1lewr7g9dkcrr.css?dpl=dpl_HMTmaiqavMk4Sy1f5QjZYwS5eyVg was preloaded using link preload but not used within a few seconds from the window's load event. Please make sure it has an appropriate `as` value and it is preloaded intentionally. @ https://vercel.com/login?next=%2Fdeployments:0
[   15629ms] [WARNING] The resource https://vercel.com/_next/static/media/stripe-dark.16ozjth2vgb_3.svg?dpl=dpl_HMTmaiqavMk4Sy1f5QjZYwS5eyVg was preloaded using link preload but not used within a few seconds from the window's load event. Please make sure it has an appropriate `as` value and it is preloaded intentionally. @ https://vercel.com/login?next=%2Fdeployments:0
[   15629ms] [WARNING] The resource https://vercel.com/_next/static/chunks/3dk1dups9oa1f.css?dpl=dpl_HMTmaiqavMk4Sy1f5QjZYwS5eyVg was preloaded using link preload but not used within a few seconds from the window's load event. Please make sure it has an appropriate `as` value and it is preloaded intentionally. @ https://vercel.com/login?next=%2Fdeployments:0
[   15630ms] [WARNING] The resource https://vercel.com/_next/static/media/ebay-dark.34mho2a18qqlt.svg?dpl=dpl_HMTmaiqavMk4Sy1f5QjZYwS5eyVg was preloaded using link preload but not used within a few seconds from the window's load event. Please make sure it has an appropriate `as` value and it is preloaded intentionally. @ https://vercel.com/login?next=%2Fdeployments:0
[   15630ms] [WARNING] The resource https://vercel.com/_next/static/media/ebay-light.3ft_ki8203ov0.svg?dpl=dpl_HMTmaiqavMk4Sy1f5QjZYwS5eyVg was preloaded using link preload but not used within a few seconds from the window's load event. Please make sure it has an appropriate `as` value and it is preloaded intentionally. @ https://vercel.com/login?next=%2Fdeployments:0
[   36787ms] [ERROR] [GSI_LOGGER]: FedCM get() rejects with NetworkError: Error retrieving a token. @ https://vercel.com/_next/static/chunks/26s3jzev46jtk.js?dpl=dpl_HMTmaiqavMk4Sy1f5QjZYwS5eyVg:1
[   39887ms] [WARNING] The resource https://vercel.com/_next/static/media/adobe-light.406_7oryl71va.svg?dpl=dpl_HMTmaiqavMk4Sy1f5QjZYwS5eyVg was preloaded using link preload but not used within a few seconds from the window's load event. Please make sure it has an appropriate `as` value and it is preloaded intentionally. @ https://vercel.com/login?next=%2Fdeployments:0
[   39887ms] [WARNING] The resource https://vercel.com/_next/static/media/stripe-light.2l_1jctpe6k_4.svg?dpl=dpl_HMTmaiqavMk4Sy1f5QjZYwS5eyVg was preloaded using link preload but not used within a few seconds from the window's load event. Please make sure it has an appropriate `as` value and it is preloaded intentionally. @ https://vercel.com/login?next=%2Fdeployments:0
[   39887ms] [WARNING] The resource https://vercel.com/_next/static/chunks/1lewr7g9dkcrr.css?dpl=dpl_HMTmaiqavMk4Sy1f5QjZYwS5eyVg was preloaded using link preload but not used within a few seconds from the window's load event. Please make sure it has an appropriate `as` value and it is preloaded intentionally. @ https://vercel.com/login?next=%2Fdeployments:0
[   39887ms] [WARNING] The resource https://vercel.com/_next/static/media/stripe-dark.16ozjth2vgb_3.svg?dpl=dpl_HMTmaiqavMk4Sy1f5QjZYwS5eyVg was preloaded using link preload but not used within a few seconds from the window's load event. Please make sure it has an appropriate `as` value and it is preloaded intentionally. @ https://vercel.com/login?next=%2Fdeployments:0
[   39887ms] [WARNING] The resource https://vercel.com/_next/static/chunks/3dk1dups9oa1f.css?dpl=dpl_HMTmaiqavMk4Sy1f5QjZYwS5eyVg was preloaded using link preload but not used within a few seconds from the window's load event. Please make sure it has an appropriate `as` value and it is preloaded intentionally. @ https://vercel.com/login?next=%2Fdeployments:0
[   39887ms] [WARNING] The resource https://vercel.com/_next/static/media/ebay-dark.34mho2a18qqlt.svg?dpl=dpl_HMTmaiqavMk4Sy1f5QjZYwS5eyVg was preloaded using link preload but not used within a few seconds from the window's load event. Please make sure it has an appropriate `as` value and it is preloaded intentionally. @ https://vercel.com/login?next=%2Fdeployments:0
[   39887ms] [WARNING] The resource https://vercel.com/_next/static/media/ebay-light.3ft_ki8203ov0.svg?dpl=dpl_HMTmaiqavMk4Sy1f5QjZYwS5eyVg was preloaded using link preload but not used within a few seconds from the window's load event. Please make sure it has an appropriate `as` value and it is preloaded intentionally. @ https://vercel.com/login?next=%2Fdeployments:0
[  605471ms] [WARNING] The resource https://vercel.com/_next/static/media/adobe-light.406_7oryl71va.svg?dpl=dpl_HMTmaiqavMk4Sy1f5QjZYwS5eyVg was preloaded using link preload but not used within a few seconds from the window's load event. Please make sure it has an appropriate `as` value and it is preloaded intentionally. @ https://vercel.com/login?next=%2Fdeployments:0
[  605472ms] [WARNING] The resource https://vercel.com/_next/static/media/stripe-light.2l_1jctpe6k_4.svg?dpl=dpl_HMTmaiqavMk4Sy1f5QjZYwS5eyVg was preloaded using link preload but not used within a few seconds from the window's load event. Please make sure it has an appropriate `as` value and it is preloaded intentionally. @ https://vercel.com/login?next=%2Fdeployments:0
[  605472ms] [WARNING] The resource https://vercel.com/_next/static/chunks/1lewr7g9dkcrr.css?dpl=dpl_HMTmaiqavMk4Sy1f5QjZYwS5eyVg was preloaded using link preload but not used within a few seconds from the window's load event. Please make sure it has an appropriate `as` value and it is preloaded intentionally. @ https://vercel.com/login?next=%2Fdeployments:0
[  605472ms] [WARNING] The resource https://vercel.com/_next/static/media/stripe-dark.16ozjth2vgb_3.svg?dpl=dpl_HMTmaiqavMk4Sy1f5QjZYwS5eyVg was preloaded using link preload but not used within a few seconds from the window's load event. Please make sure it has an appropriate `as` value and it is preloaded intentionally. @ https://vercel.com/login?next=%2Fdeployments:0
[  605472ms] [WARNING] The resource https://vercel.com/_next/static/chunks/3dk1dups9oa1f.css?dpl=dpl_HMTmaiqavMk4Sy1f5QjZYwS5eyVg was preloaded using link preload but not used within a few seconds from the window's load event. Please make sure it has an appropriate `as` value and it is preloaded intentionally. @ https://vercel.com/login?next=%2Fdeployments:0
[  605472ms] [WARNING] The resource https://vercel.com/_next/static/media/ebay-dark.34mho2a18qqlt.svg?dpl=dpl_HMTmaiqavMk4Sy1f5QjZYwS5eyVg was preloaded using link preload but not used within a few seconds from the window's load event. Please make sure it has an appropriate `as` value and it is preloaded intentionally. @ https://vercel.com/login?next=%2Fdeployments:0
[  605472ms] [WARNING] The resource https://vercel.com/_next/static/media/ebay-light.3ft_ki8203ov0.svg?dpl=dpl_HMTmaiqavMk4Sy1f5QjZYwS5eyVg was preloaded using link preload but not used within a few seconds from the window's load event. Please make sure it has an appropriate `as` value and it is preloaded intentionally. @ https://vercel.com/login?next=%2Fdeployments:0
